2025-10-23 01:12:37.476 -03:00 [INF] Now listening on: https://localhost:7231
2025-10-23 01:12:37.506 -03:00 [INF] Now listening on: http://localhost:5295
2025-10-23 01:12:37.575 -03:00 [INF] Application started. Press Ctrl+C to shut down.
2025-10-23 01:12:37.577 -03:00 [INF] Hosting environment: Development
2025-10-23 01:12:37.578 -03:00 [INF] Content root path: C:\Users\kaios\source\repos\LaudoPro\LaudoPro
2025-10-23 01:12:57.858 -03:00 [INF] Now listening on: https://localhost:7231
2025-10-23 01:12:57.883 -03:00 [INF] Now listening on: http://localhost:5295
2025-10-23 01:12:57.944 -03:00 [INF] Application started. Press Ctrl+C to shut down.
2025-10-23 01:12:57.947 -03:00 [INF] Hosting environment: Development
2025-10-23 01:12:57.948 -03:00 [INF] Content root path: C:\Users\kaios\source\repos\LaudoPro\LaudoPro
2025-10-23 01:15:05.833 -03:00 [INF] Now listening on: https://localhost:7231
2025-10-23 01:15:05.864 -03:00 [INF] Now listening on: http://localhost:5295
2025-10-23 01:15:05.941 -03:00 [INF] Application started. Press Ctrl+C to shut down.
2025-10-23 01:15:05.942 -03:00 [INF] Hosting environment: Development
2025-10-23 01:15:05.943 -03:00 [INF] Content root path: C:\Users\kaios\source\repos\LaudoPro\LaudoPro
2025-10-23 01:19:42.105 -03:00 [INF] Now listening on: https://localhost:7231
2025-10-23 01:19:42.128 -03:00 [INF] Now listening on: http://localhost:5295
2025-10-23 01:19:42.184 -03:00 [INF] Application started. Press Ctrl+C to shut down.
2025-10-23 01:19:42.185 -03:00 [INF] Hosting environment: Development
2025-10-23 01:19:42.186 -03:00 [INF] Content root path: C:\Users\kaios\source\repos\LaudoPro\LaudoPro
2025-10-23 01:42:25.327 -03:00 [INF] Now listening on: https://localhost:7231
2025-10-23 01:42:25.352 -03:00 [INF] Now listening on: http://localhost:5295
2025-10-23 01:42:25.412 -03:00 [INF] Application started. Press Ctrl+C to shut down.
2025-10-23 01:42:25.413 -03:00 [INF] Hosting environment: Development
2025-10-23 01:42:25.414 -03:00 [INF] Content root path: C:\Users\kaios\source\repos\LaudoPro\LaudoPro
2025-10-23 01:42:36.345 -03:00 [INF] Now listening on: https://localhost:7231
2025-10-23 01:42:36.372 -03:00 [INF] Now listening on: http://localhost:5295
2025-10-23 01:42:36.441 -03:00 [INF] Application started. Press Ctrl+C to shut down.
2025-10-23 01:42:36.442 -03:00 [INF] Hosting environment: Development
2025-10-23 01:42:36.443 -03:00 [INF] Content root path: C:\Users\kaios\source\repos\LaudoPro\LaudoPro
2025-10-23 01:45:53.709 -03:00 [INF] Now listening on: https://localhost:7231
2025-10-23 01:45:53.733 -03:00 [INF] Now listening on: http://localhost:5295
2025-10-23 01:45:53.791 -03:00 [INF] Application started. Press Ctrl+C to shut down.
2025-10-23 01:45:53.792 -03:00 [INF] Hosting environment: Development
2025-10-23 01:45:53.793 -03:00 [INF] Content root path: C:\Users\kaios\source\repos\LaudoPro\LaudoPro
